<?xml version="1.0" encoding="utf-8"?><testsuites name="pytest tests"><testsuite name="pytest" errors="0" failures="0" skipped="0" tests="132" time="120.502" timestamp="2026-07-30T17:16:57.872461+08:00" hostname="BF385"><testcase classname="tests.test_ask_regression" name="test_ask_success_chain_keeps_scope_validation_and_result_format" time="2.090" /><testcase classname="tests.test_ask_regression" name="test_teaching_sql_system_prompt_contains_unfinished_assignment_hard_rules" time="0.003" /><testcase classname="tests.test_ask_regression" name="test_unfinished_assignment_date_boundary_guard_rejects_raw_date_upper_bound" time="0.004" /><testcase classname="tests.test_ask_regression" name="test_unfinished_assignment_date_boundary_guard_accepts_exact_and_through_day_forms" time="0.006" /><testcase classname="tests.test_ask_regression" name="test_exact_day_half_open_range_covers_midnight_end_of_day_and_year_boundary" time="0.002" /><testcase classname="tests.test_ask_regression" name="test_ask_repairs_unfinished_assignment_date_boundary_before_execution" time="0.041" /><testcase classname="tests.test_ask_regression" name="test_unfinished_assignment_semantic_guard_rejects_followup_that_loses_statuses" time="0.002" /><testcase classname="tests.test_ask_regression" name="test_unfinished_assignment_semantic_guard_does_not_leak_into_new_topic" time="0.002" /><testcase classname="tests.test_ask_regression" name="test_ask_repairs_unfinished_assignment_inner_join_before_execution" time="0.029" /><testcase classname="tests.test_ask_regression" name="test_ask_repairs_unscoped_sql_before_any_execution" time="0.007" /><testcase classname="tests.test_ask_regression" name="test_ask_repairs_unscoped_submission_alias_before_any_execution" time="0.025" /><testcase classname="tests.test_ask_regression" name="test_ask_repairs_model_policy_violation_instead_of_reporting_user_unauthorized" time="0.015" /><testcase classname="tests.test_ask_regression" name="test_retrieval_cannot_reintroduce_table_outside_authorized_schema" time="0.007" /><testcase classname="tests.test_ask_regression" name="test_service_passes_role_filtered_schema_to_retrieval" time="0.005" /><testcase classname="tests.test_ask_regression" name="test_ask_denied_term_stops_before_llm_and_execution" time="0.002" /><testcase classname="tests.test_ask_regression" name="test_ask_sensitive_identity_term_stops_before_llm_for_every_role" time="0.001" /><testcase classname="tests.test_ask_regression" name="test_ask_converts_model_unanswerable_placeholder_to_unsupported_error" time="0.005" /><testcase classname="tests.test_ask_regression" name="test_ask_llm_and_retrieval_failures_are_isolated" time="0.008" /><testcase classname="tests.test_ask_regression" name="test_external_admin_source_is_not_filtered_by_teaching_table_policy" time="0.006" /><testcase classname="tests.test_ask_regression" name="test_frontend_skips_ask_bootstrap_for_profiles_without_ask_permission" time="0.005" /><testcase classname="tests.test_assistant_api" name="test_unified_endpoint_routes_deterministic_question_types[tea_li-API\u6d4b\u8bd5\uff1a\u6211\u6709\u591a\u5c11\u5f85\u6279\u9605\uff1f-metric-success]" time="1.936" /><testcase classname="tests.test_assistant_api" name="test_unified_endpoint_routes_deterministic_question_types[stu_zhang-API\u6d4b\u8bd5\uff1a\u6211\u6709\u591a\u5c11\u672a\u8bfb\u901a\u77e5\uff1f-metric-success]" time="1.785" /><testcase classname="tests.test_assistant_api" name="test_unified_endpoint_routes_deterministic_question_types[counselor_chen-API\u6d4b\u8bd5\uff1a\u6211\u6709\u4ec0\u4e48\u5f85\u529e\uff1f-business_state-success]" time="1.638" /><testcase classname="tests.test_assistant_api" name="test_unified_endpoint_routes_deterministic_question_types[admin-API\u6d4b\u8bd5\uff1a\u5f53\u524d\u5de5\u4f5c\u53f0\u662f\u4ec0\u4e48\u72b6\u6001\uff1f-business_state-success]" time="1.854" /><testcase classname="tests.test_assistant_api" name="test_unified_endpoint_routes_deterministic_question_types[tea_li-API\u6d4b\u8bd5\uff1a\u600e\u4e48\u8fdb\u5165\u8bfe\u7a0b\u5206\u6790\uff1f-navigation-success]" time="2.018" /><testcase classname="tests.test_assistant_api" name="test_unified_endpoint_routes_deterministic_question_types[admin-API\u6d4b\u8bd5\uff1a\u7ed9\u6211\u8bb2\u4e2a\u7b11\u8bdd-unsupported-success]" time="1.842" /><testcase classname="tests.test_assistant_api" name="test_concrete_business_data_questions_route_to_nl2sql[stu_zhang-API\u6d4b\u8bd5\uff1a\u8bf7\u6309\u8bfe\u7a0b\u5206\u7ec4\u7edf\u8ba1\u6211\u672a\u5b8c\u6210\u7684\u4f5c\u4e1a\u6570\u91cf]" time="1.714" /><testcase classname="tests.test_assistant_api" name="test_concrete_business_data_questions_route_to_nl2sql[admin-API\u6d4b\u8bd5\uff1a\u5217\u51fa\u6bcf\u4f4d\u6559\u5e08\u8d1f\u8d23\u7684\u73ed\u7ea7\u6570\u91cf]" time="1.643" /><testcase classname="tests.test_assistant_api" name="test_concrete_business_data_questions_route_to_nl2sql[admin-API\u6d4b\u8bd5\uff1a\u6709\u591a\u5c11\u4f4d\u6559\u5e08\u6ca1\u6709\u8d1f\u8d23\u4efb\u4f55\u73ed\u7ea7]" time="1.758" /><testcase classname="tests.test_assistant_api" name="test_concrete_business_data_questions_route_to_nl2sql[admin-API\u6d4b\u8bd5\uff1a\u5b66\u6821\u6709\u54ea\u4e9b\u4e13\u4e1a]" time="2.053" /><testcase classname="tests.test_assistant_api" name="test_legacy_unanswerable_placeholder_becomes_unsupported_without_data_or_action" time="1.703" /><testcase classname="tests.test_assistant_api" name="test_sensitive_identity_question_is_rejected_before_model[stu_zhang-API\u6d4b\u8bd5\uff1a\u67e5\u8be2\u6240\u6709\u5b66\u751f\u7684\u8eab\u4efd\u8bc1\u53f7]" time="1.775" /><testcase classname="tests.test_assistant_api" name="test_sensitive_identity_question_is_rejected_before_model[admin-API\u6d4b\u8bd5\uff1a\u5217\u51fa\u5168\u90e8\u5b66\u751f\u7684\u8bc1\u4ef6\u53f7\u7801]" time="1.772" /><testcase classname="tests.test_assistant_api" name="test_teacher_course_page_can_create_a_non_sending_reminder_draft" time="1.907" /><testcase classname="tests.test_assistant_api" name="test_teacher_missing_work_roster_result_suggests_course_wide_unsent_draft" time="1.940" /><testcase classname="tests.test_assistant_api" name="test_teacher_missing_assignment_roster_bypasses_model_and_keeps_teacher_scope" time="1.890" /><testcase classname="tests.test_assistant_api" name="test_counselor_review_queue_shows_evidence_and_opens_owned_case" time="2.172" /><testcase classname="tests.test_assistant_api" name="test_counselor_appointment_question_uses_owned_active_requests" time="1.817" /><testcase classname="tests.test_assistant_api" name="test_academic_and_college_issue_queue_is_deterministic_scoped_and_actionable" time="2.299" /><testcase classname="tests.test_assistant_api" name="test_nl2sql_is_transformed_limited_and_context_scope_is_forwarded" time="1.882" /><testcase classname="tests.test_assistant_api" name="test_admin_external_source_bypasses_teaching_routes_and_is_forwarded" time="1.882" /><testcase classname="tests.test_assistant_api" name="test_unified_assistant_rejects_non_admin_external_source_before_execution" time="1.838" /><testcase classname="tests.test_assistant_api" name="test_same_session_cannot_switch_away_from_external_source" time="1.940" /><testcase classname="tests.test_assistant_api" name="test_same_session_followup_uses_server_history_and_ignores_client_history" time="2.026" /><testcase classname="tests.test_assistant_api" name="test_forged_context_is_403_before_nl2sql" time="2.067" /><testcase classname="tests.test_assistant_api" name="test_teaching_class_context_is_enforced_by_sql_validator" time="0.028" /><testcase classname="tests.test_assistant_api" name="test_nl2sql_failure_is_structured_and_business_api_remains_available" time="2.043" /><testcase classname="tests.test_assistant_api" name="test_nl2sql_total_timeout_returns_structured_failure" time="1.643" /><testcase classname="tests.test_assistant_api" name="test_legacy_ask_endpoint_remains_compatible" time="1.973" /><testcase classname="tests.test_assistant_api" name="test_session_http_api_is_identity_isolated_and_query_appends_turn" time="2.043" /><testcase classname="tests.test_assistant_context" name="test_teacher_can_use_own_course_and_context_only_narrows_auth" time="0.048" /><testcase classname="tests.test_assistant_context" name="test_teacher_cannot_forge_another_teachers_course" time="0.046" /><testcase classname="tests.test_assistant_context" name="test_student_cannot_forge_another_student_id" time="0.031" /><testcase classname="tests.test_assistant_context" name="test_counselor_cannot_forge_student_outside_assigned_classes" time="0.034" /><testcase classname="tests.test_assistant_context" name="test_college_manager_cannot_forge_another_college" time="0.036" /><testcase classname="tests.test_assistant_context" name="test_role_switch_rejects_old_auth_and_reused_page_context" time="0.077" /><testcase classname="tests.test_assistant_context" name="test_irrelevant_fields_are_reported_as_ignored_and_reserved_filters_rejected" time="0.037" /><testcase classname="tests.test_assistant_context" name="test_page_context_validates_time_range_and_filter_size" time="0.005" /><testcase classname="tests.test_assistant_context" name="test_external_source_context_is_admin_only_and_registry_validated" time="0.123" /><testcase classname="tests.test_v3_assistant_panel" name="test_v3_assistant_panel_is_loaded_before_app_and_replaces_visible_legacy_shell" time="0.002" /><testcase classname="tests.test_v3_assistant_panel" name="test_api_client_exposes_unified_assistant_and_action_draft_calls" time="0.001" /><testcase classname="tests.test_v3_assistant_panel" name="test_panel_covers_every_v3_3_1_state_and_initial_recommendations" time="0.003" /><testcase classname="tests.test_v3_assistant_panel" name="test_panel_does_not_read_or_infer_client_permissions_and_uses_safe_dom_text" time="0.003" /><testcase classname="tests.test_v3_assistant_panel" name="test_action_confirmation_uses_only_server_draft_id_and_handles_server_result" time="0.005" /><testcase classname="tests.test_v3_assistant_panel" name="test_role_pages_open_the_shared_panel_with_only_page_object_context" time="0.009" /><testcase classname="tests.test_v3_assistant_panel" name="test_external_knowledge_base_entries_pass_selected_source_to_shared_panel" time="0.003" /><testcase classname="tests.test_v3_assistant_panel" name="test_panel_styles_are_scoped_responsive_and_keep_legacy_shell_hidden" time="0.002" /><testcase classname="tests.test_security" name="test_signed_demo_token_rejects_missing_and_forged_values" time="0.026" /><testcase classname="tests.test_security" name="test_admin_guard_rejects_non_admin_role" time="0.046" /><testcase classname="tests.test_security" name="test_auth_api_requires_login_and_accepts_login_token" time="1.984" /><testcase classname="tests.test_security" name="test_profile_write_requires_admin" time="1.903" /><testcase classname="tests.test_security" name="test_version_id_blocks_path_traversal" time="0.002" /><testcase classname="tests.test_security" name="test_row_scope_rejects_queries_without_required_predicate[SELECT COUNT(*) FROM enrollment-scope0]" time="0.005" /><testcase classname="tests.test_security" name="test_row_scope_rejects_queries_without_required_predicate[SELECT COUNT(*) FROM teaching_class-scope1]" time="0.005" /><testcase classname="tests.test_security" name="test_row_scope_rejects_queries_without_required_predicate[SELECT COUNT(*) FROM student-scope2]" time="0.005" /><testcase classname="tests.test_security" name="test_row_scope_accepts_matching_predicate[SELECT COUNT(*) FROM enrollment e WHERE e.student_id = 1-scope0]" time="0.006" /><testcase classname="tests.test_security" name="test_row_scope_accepts_matching_predicate[SELECT COUNT(*) FROM teaching_class tc WHERE tc.teacher_id = 37-scope1]" time="0.009" /><testcase classname="tests.test_security" name="test_row_scope_accepts_matching_predicate[SELECT COUNT(*) FROM student s WHERE s.college_id = 1-scope2]" time="0.010" /><testcase classname="tests.test_security" name="test_student_scope_rejects_unscoped_submission_alias_even_when_enrollment_is_scoped" time="0.012" /><testcase classname="tests.test_security" name="test_student_scope_accepts_submission_alias_linked_to_scoped_enrollment" time="0.014" /><testcase classname="tests.test_security" name="test_student_scope_accepts_parenthesized_business_or_outside_scope_proof" time="0.011" /><testcase classname="tests.test_security" name="test_student_scope_rejects_business_or_when_submission_alias_is_not_scoped" time="0.014" /><testcase classname="tests.test_security" name="test_student_scope_rejects_submission_link_hidden_inside_or" time="0.014" /><testcase classname="tests.test_security" name="test_student_scope_link_must_be_a_predicate_not_a_selected_expression" time="0.008" /><testcase classname="tests.test_security" name="test_relative_sqlite_url_is_rooted_at_project_directory" time="0.003" /><testcase classname="tests.test_security" name="test_default_runtime_registry_only_connects_teaching_database" time="0.001" /><testcase classname="tests.test_security" name="test_row_scope_rejects_boolean_comment_literal_subquery_and_union_bypasses[SELECT COUNT(*) FROM enrollment e WHERE e.student_id = 1 OR 1 = 1]" time="0.005" /><testcase classname="tests.test_security" name="test_row_scope_rejects_boolean_comment_literal_subquery_and_union_bypasses[SELECT 'e.student_id = 1' AS fake_scope, COUNT(*) FROM enrollment e]" time="0.005" /><testcase classname="tests.test_security" name="test_row_scope_rejects_boolean_comment_literal_subquery_and_union_bypasses[SELECT COUNT(*) FROM enrollment e WHERE 1 = 1 -- e.student_id = 1]" time="0.003" /><testcase classname="tests.test_security" name="test_row_scope_rejects_boolean_comment_literal_subquery_and_union_bypasses[SELECT (SELECT COUNT(*) FROM enrollment) FROM enrollment e WHERE e.student_id = 1]" time="0.005" /><testcase classname="tests.test_security" name="test_row_scope_rejects_boolean_comment_literal_subquery_and_union_bypasses[SELECT COUNT(*) FROM enrollment e WHERE e.student_id = 1 UNION SELECT COUNT(*) FROM enrollment]" time="0.006" /><testcase classname="tests.test_security" name="test_row_scope_rejects_boolean_comment_literal_subquery_and_union_bypasses[SELECT COUNT(*) FROM enrollment e WHERE NOT (e.student_id = 1)]" time="0.006" /><testcase classname="tests.test_security" name="test_row_scope_rejects_boolean_comment_literal_subquery_and_union_bypasses[SELECT COUNT(*) FROM enrollment e WHERE (e.student_id = 1) = 0]" time="0.007" /><testcase classname="tests.test_security" name="test_row_scope_rejects_boolean_comment_literal_subquery_and_union_bypasses[SELECT COUNT(*) FROM enrollment e WHERE CASE WHEN e.student_id = 1 THEN 1 ELSE 1 END = 1]" time="0.008" /><testcase classname="tests.test_security" name="test_row_scope_rejects_or_that_can_bypass_identity_scope[SELECT COUNT(*) FROM enrollment e WHERE e.student_id = 1 OR 1 = 1]" time="0.008" /><testcase classname="tests.test_security" name="test_row_scope_rejects_or_that_can_bypass_identity_scope[SELECT COUNT(*) FROM enrollment e WHERE e.student_id = 1 AND e.id &gt; 0 OR 1 = 1]" time="0.006" /><testcase classname="tests.test_security" name="test_row_scope_rejects_or_that_can_bypass_identity_scope[SELECT COUNT(*) FROM enrollment e WHERE (e.student_id = 1 AND e.id &gt; 0) OR e.student_id = 2]" time="0.008" /><testcase classname="tests.test_security" name="test_row_scope_rejects_or_that_can_bypass_identity_scope[SELECT COUNT(*) FROM enrollment e WHERE e.student_id = 1 OR e.student_id = 2]" time="0.007" /><testcase classname="tests.test_security" name="test_every_nested_query_block_must_repeat_its_row_scope" time="0.012" /><testcase classname="tests.test_security" name="test_teacher_college_and_counselor_scope_rules_cover_previously_unprotected_tables" time="0.021" /><testcase classname="tests.test_security" name="test_dangerous_read_functions_and_file_output_are_rejected[SELECT load_extension('evil')]" time="0.002" /><testcase classname="tests.test_security" name="test_dangerous_read_functions_and_file_output_are_rejected[SELECT readfile('/etc/passwd')]" time="0.003" /><testcase classname="tests.test_security" name="test_dangerous_read_functions_and_file_output_are_rejected[SELECT pg_read_file('/etc/passwd')]" time="0.002" /><testcase classname="tests.test_security" name="test_dangerous_read_functions_and_file_output_are_rejected[SELECT SLEEP(10)]" time="0.002" /><testcase classname="tests.test_security" name="test_dangerous_read_functions_and_file_output_are_rejected[SELECT 'x' INTO OUTFILE '/tmp/result']" time="0.002" /><testcase classname="tests.test_security" name="test_non_admin_ask_is_locked_to_teaching_source_and_no_ask_role_is_denied" time="3.333" /><testcase classname="tests.test_security" name="test_ask_request_limits_history_and_glossary_item_size" time="1.767" /><testcase classname="tests.test_security" name="test_empty_table_permission_filters_to_zero_tables_instead_of_all_tables" time="0.002" /><testcase classname="tests.test_security" name="test_blocked_columns_cannot_be_hidden_in_cte_or_subquery[WITH leaked AS (SELECT s.name AS n FROM student s) SELECT n FROM leaked]" time="0.008" /><testcase classname="tests.test_security" name="test_blocked_columns_cannot_be_hidden_in_cte_or_subquery[SELECT (SELECT s.name FROM student s LIMIT 1) AS leaked_name]" time="0.006" /><testcase classname="tests.test_security" name="test_blocked_columns_cannot_be_hidden_in_cte_or_subquery[SELECT leaked.n FROM (SELECT s.name AS n FROM student s) leaked]" time="0.007" /><testcase classname="tests.test_security" name="test_blocked_columns_cannot_be_hidden_in_cte_or_subquery[SELECT name FROM student]" time="0.005" /><testcase classname="tests.test_security" name="test_blocked_columns_cannot_be_hidden_in_cte_or_subquery[SELECT s.&quot;name&quot; FROM student AS s]" time="0.004" /><testcase classname="tests.test_security" name="test_blocked_columns_cannot_be_hidden_in_cte_or_subquery[SELECT &quot;student&quot;.&quot;name&quot; FROM &quot;student&quot;]" time="0.003" /><testcase classname="tests.test_stage_b_workbench" name="test_workbench_requires_login" time="1.612" /><testcase classname="tests.test_stage_b_workbench" name="test_legacy_schoolwide_dashboard_is_admin_only" time="5.030" /><testcase classname="tests.test_stage_b_workbench" name="test_six_roles_have_distinct_actionable_workbenches[admin-admin]" time="1.645" /><testcase classname="tests.test_stage_b_workbench" name="test_six_roles_have_distinct_actionable_workbenches[academic_office-jwc]" time="1.732" /><testcase classname="tests.test_stage_b_workbench" name="test_six_roles_have_distinct_actionable_workbenches[college_manager-college]" time="1.901" /><testcase classname="tests.test_stage_b_workbench" name="test_six_roles_have_distinct_actionable_workbenches[teacher-tea_li]" time="1.989" /><testcase classname="tests.test_stage_b_workbench" name="test_six_roles_have_distinct_actionable_workbenches[counselor-counselor_chen]" time="1.751" /><testcase classname="tests.test_stage_b_workbench" name="test_six_roles_have_distinct_actionable_workbenches[student-stu_zhang]" time="1.516" /><testcase classname="tests.test_stage_b_workbench" name="test_role_home_titles_and_sections_are_not_the_old_shared_dashboard" time="10.873" /><testcase classname="tests.test_stage_b_workbench" name="test_every_demo_account_has_deterministic_home_data" time="0.224" /><testcase classname="tests.test_stage_b_workbench" name="test_student_workbench_only_contains_own_course_assignments_and_grades" time="1.722" /><testcase classname="tests.test_stage_b_workbench" name="test_teacher_and_college_workbench_items_stay_inside_server_side_scope" time="3.529" /><testcase classname="tests.test_stage_b_workbench" name="test_counselor_workbench_only_contains_assigned_students" time="1.723" /><testcase classname="tests.test_stage_b_workbench" name="test_frontend_uses_dynamic_section_container_and_suppresses_empty_sections" time="0.006" /><testcase classname="tests.test_stage_e" name="test_stage_e_teacher_college_and_academic_workflow" time="7.777" /><testcase classname="tests.test_stage_e" name="test_stage_e_summary_only_ask_scope_and_frontend" time="0.066" /><testcase classname="tests.test_grade_submission_import" name="test_grade_csv_import_preview_submit_and_review_snapshot" time="5.533" /><testcase classname="tests.test_grade_submission_import" name="test_grade_csv_validation_is_transactional_and_permission_scoped" time="2.103" /></testsuite></testsuites>